<?xml version="1.0" encoding="UTF-8"?>
<testng-results ignored="0" total="1" passed="1" failed="0" skipped="0">
  <reporter-output>
  </reporter-output>
  <suite started-at="2023-04-29T09:35:03 IST" name="Default suite" finished-at="2023-04-29T09:35:48 IST" duration-ms="44476">
    <groups>
    </groups>
    <test started-at="2023-04-29T09:35:03 IST" name="Default test" finished-at="2023-04-29T09:35:48 IST" duration-ms="44476">
      <class name="testScript.Login_Script">
        <test-method is-config="true" signature="openApp()[pri:0, instance:testScript.Login_Script@2dde1bff]" started-at="2023-04-29T09:35:03 IST" name="openApp" finished-at="2023-04-29T09:35:31 IST" duration-ms="28051" status="PASS">
          <reporter-output>
          </reporter-output>
        </test-method> <!-- openApp -->
        <test-method signature="test1()[pri:0, instance:testScript.Login_Script@2dde1bff]" started-at="2023-04-29T09:35:31 IST" name="test1" finished-at="2023-04-29T09:35:41 IST" duration-ms="9345" status="PASS">
          <reporter-output>
          </reporter-output>
        </test-method> <!-- test1 -->
        <test-method is-config="true" signature="closeApp()[pri:0, instance:testScript.Login_Script@2dde1bff]" started-at="2023-04-29T09:35:41 IST" name="closeApp" finished-at="2023-04-29T09:35:48 IST" duration-ms="7035" status="PASS">
          <reporter-output>
          </reporter-output>
        </test-method> <!-- closeApp -->
      </class> <!-- testScript.Login_Script -->
    </test> <!-- Default test -->
  </suite> <!-- Default suite -->
</testng-results>
